0 info it worked if it ends with ok
1 verbose cli [ '/home/viku/local/bin/node',
1 verbose cli   '/home/viku/local/bin/npm',
1 verbose cli   'install',
1 verbose cli   'ejs',
1 verbose cli   '-g' ]
2 info using npm@1.4.28
3 info using node@v0.10.33
4 verbose cache add [ 'ejs', null ]
5 verbose cache add name=undefined spec="ejs" args=["ejs",null]
6 verbose parsed url { protocol: null,
6 verbose parsed url   slashes: null,
6 verbose parsed url   auth: null,
6 verbose parsed url   host: null,
6 verbose parsed url   port: null,
6 verbose parsed url   hostname: null,
6 verbose parsed url   hash: null,
6 verbose parsed url   search: null,
6 verbose parsed url   query: null,
6 verbose parsed url   pathname: 'ejs',
6 verbose parsed url   path: 'ejs',
6 verbose parsed url   href: 'ejs' }
7 silly lockFile 75eeca8f-ejs ejs
8 verbose lock ejs /home/viku/.npm/75eeca8f-ejs.lock
9 silly lockFile 75eeca8f-ejs ejs
10 silly lockFile 75eeca8f-ejs ejs
11 verbose addNamed [ 'ejs', '' ]
12 verbose addNamed [ null, '*' ]
13 silly lockFile bcdf6e5f-ejs ejs@
14 verbose lock ejs@ /home/viku/.npm/bcdf6e5f-ejs.lock
15 silly addNameRange { name: 'ejs', range: '*', hasData: false }
16 verbose request where is /ejs
17 verbose request registry https://registry.npmjs.org/
18 verbose request id 4dc763593c3f3162
19 verbose url raw /ejs
20 verbose url resolving [ 'https://registry.npmjs.org/', './ejs' ]
21 verbose url resolved https://registry.npmjs.org/ejs
22 verbose request where is https://registry.npmjs.org/ejs
23 info trying registry request attempt 1 at 21:41:38
24 verbose etag "15TJWYSPTT04PG8RFMKMQ8233"
25 http GET https://registry.npmjs.org/ejs
26 http 304 https://registry.npmjs.org/ejs
27 silly registry.get cb [ 304,
27 silly registry.get   { date: 'Sat, 22 Nov 2014 16:11:45 GMT',
27 silly registry.get     server: 'Apache',
27 silly registry.get     via: '1.1 varnish',
27 silly registry.get     'last-modified': 'Sat, 22 Nov 2014 16:06:31 GMT',
27 silly registry.get     'cache-control': 'max-age=60',
27 silly registry.get     etag: '"15TJWYSPTT04PG8RFMKMQ8233"',
27 silly registry.get     age: '52',
27 silly registry.get     'x-served-by': 'cache-sn89-SIN',
27 silly registry.get     'x-cache': 'HIT',
27 silly registry.get     'x-cache-hits': '5',
27 silly registry.get     'x-timer': 'S1416672705.670672,VS0,VE0',
27 silly registry.get     vary: 'Accept',
27 silly registry.get     'content-length': '0',
27 silly registry.get     'keep-alive': 'timeout=10, max=50',
27 silly registry.get     connection: 'Keep-Alive' } ]
28 verbose etag https://registry.npmjs.org/ejs from cache
29 silly addNameRange number 2 { name: 'ejs', range: '*', hasData: true }
30 silly addNameRange versions [ 'ejs',
30 silly addNameRange   [ '0.0.1',
30 silly addNameRange     '0.0.2',
30 silly addNameRange     '0.0.3',
30 silly addNameRange     '0.0.4',
30 silly addNameRange     '0.1.0',
30 silly addNameRange     '0.2.0',
30 silly addNameRange     '0.2.1',
30 silly addNameRange     '0.3.0',
30 silly addNameRange     '0.3.1',
30 silly addNameRange     '0.4.0',
30 silly addNameRange     '0.4.1',
30 silly addNameRange     '0.4.2',
30 silly addNameRange     '0.4.3',
30 silly addNameRange     '0.5.0',
30 silly addNameRange     '0.6.0',
30 silly addNameRange     '0.6.1',
30 silly addNameRange     '0.7.0',
30 silly addNameRange     '0.7.1',
30 silly addNameRange     '0.7.2',
30 silly addNameRange     '0.8.0',
30 silly addNameRange     '0.8.1',
30 silly addNameRange     '0.8.2',
30 silly addNameRange     '0.8.3',
30 silly addNameRange     '0.8.4',
30 silly addNameRange     '0.8.5',
30 silly addNameRange     '0.8.6',
30 silly addNameRange     '0.8.8',
30 silly addNameRange     '1.0.0' ] ]
31 verbose addNamed [ 'ejs', '1.0.0' ]
32 verbose addNamed [ '1.0.0', '1.0.0' ]
33 silly lockFile 3b9d58f7-ejs-1-0-0 ejs@1.0.0
34 verbose lock ejs@1.0.0 /home/viku/.npm/3b9d58f7-ejs-1-0-0.lock
35 silly lockFile 3b9d58f7-ejs-1-0-0 ejs@1.0.0
36 silly lockFile 3b9d58f7-ejs-1-0-0 ejs@1.0.0
37 silly lockFile bcdf6e5f-ejs ejs@
38 silly lockFile bcdf6e5f-ejs ejs@
39 silly resolved [ { name: 'ejs',
39 silly resolved     description: 'Embedded JavaScript templates',
39 silly resolved     version: '1.0.0',
39 silly resolved     author: { name: 'TJ Holowaychuk', email: 'tj@vision-media.ca' },
39 silly resolved     keywords: [ 'template', 'engine', 'ejs' ],
39 silly resolved     devDependencies: { mocha: '*', should: '*' },
39 silly resolved     main: './lib/ejs.js',
39 silly resolved     repository: { type: 'git', url: 'git://github.com/visionmedia/ejs.git' },
39 silly resolved     scripts: { test: 'mocha --require should --reporter spec' },
39 silly resolved     bugs: { url: 'https://github.com/visionmedia/ejs/issues' },
39 silly resolved     homepage: 'https://github.com/visionmedia/ejs',
39 silly resolved     _id: 'ejs@1.0.0',
39 silly resolved     dist:
39 silly resolved      { shasum: 'c9c60a48a46ee452fb32a71c317b95e5aa1fcb3d',
39 silly resolved        tarball: 'http://registry.npmjs.org/ejs/-/ejs-1.0.0.tgz' },
39 silly resolved     _from: 'ejs@',
39 silly resolved     _npmVersion: '1.3.21',
39 silly resolved     _npmUser: { name: 'tjholowaychuk', email: 'tj@vision-media.ca' },
39 silly resolved     maintainers: [ [Object] ],
39 silly resolved     directories: {},
39 silly resolved     _shasum: 'c9c60a48a46ee452fb32a71c317b95e5aa1fcb3d',
39 silly resolved     _resolved: 'https://registry.npmjs.org/ejs/-/ejs-1.0.0.tgz',
39 silly resolved     readme: 'ERROR: No README data found!' } ]
40 info install ejs@1.0.0 into /home/viku/local/lib
41 info installOne ejs@1.0.0
42 verbose lib/node_modules/ejs unbuild
43 verbose tar unpack /home/viku/.npm/ejs/1.0.0/package.tgz
44 silly lockFile ff24c819--viku-local-lib-node-modules-ejs tar:///home/viku/local/lib/node_modules/ejs
45 verbose lock tar:///home/viku/local/lib/node_modules/ejs /home/viku/.npm/ff24c819--viku-local-lib-node-modules-ejs.lock
46 silly lockFile 71236d4d-e-viku-npm-ejs-1-0-0-package-tgz tar:///home/viku/.npm/ejs/1.0.0/package.tgz
47 verbose lock tar:///home/viku/.npm/ejs/1.0.0/package.tgz /home/viku/.npm/71236d4d-e-viku-npm-ejs-1-0-0-package-tgz.lock
48 silly gunzTarPerm modes [ '755', '644' ]
49 error Error: EACCES, mkdir '/home/viku/local/lib/node_modules/ejs'
49 error  { [Error: EACCES, mkdir '/home/viku/local/lib/node_modules/ejs']
49 error   errno: 3,
49 error   code: 'EACCES',
49 error   path: '/home/viku/local/lib/node_modules/ejs',
49 error   fstream_type: 'Directory',
49 error   fstream_path: '/home/viku/local/lib/node_modules/ejs',
49 error   fstream_class: 'DirWriter',
49 error   fstream_stack:
49 error    [ '/home/viku/local/lib/node_modules/npm/node_modules/fstream/lib/dir-writer.js:36:23',
49 error      '/home/viku/local/lib/node_modules/npm/node_modules/mkdirp/index.js:46:53',
49 error      'Object.oncomplete (fs.js:107:15)' ] }
50 error Please try running this command again as root/Administrator.
51 error System Linux 3.2.0-23-generic
52 error command "/home/viku/local/bin/node" "/home/viku/local/bin/npm" "install" "ejs" "-g"
53 error cwd /home/viku/node/express
54 error node -v v0.10.33
55 error npm -v 1.4.28
56 error path /home/viku/local/lib/node_modules/ejs
57 error fstream_path /home/viku/local/lib/node_modules/ejs
58 error fstream_type Directory
59 error fstream_class DirWriter
60 error code EACCES
61 error errno 3
62 error stack Error: EACCES, mkdir '/home/viku/local/lib/node_modules/ejs'
63 error fstream_stack /home/viku/local/lib/node_modules/npm/node_modules/fstream/lib/dir-writer.js:36:23
63 error fstream_stack /home/viku/local/lib/node_modules/npm/node_modules/mkdirp/index.js:46:53
63 error fstream_stack Object.oncomplete (fs.js:107:15)
64 verbose exit [ 3, true ]
